2025-06-24 15:33:08,009 - INFO - Initialized AmharicNERModel with config: NERModelConfig(model_name='xlm-roberta-base', max_length=64, learning_rate=2e-05, num_epochs=1, batch_size=8, weight_decay=0.01, warmup_steps=100, evaluation_strategy='epoch', save_strategy='epoch', load_best_model_at_end=True, metric_for_best_model='eval_f1', output_dir='C:\\Kifiya\\Week4\\amharic-ecommerce-extractor\\models\\amharic_ner_xlm-roberta-base_205939', logging_dir='C:\\Kifiya\\Week4\\amharic-ecommerce-extractor\\logs')
2025-06-24 15:33:08,009 - INFO - Starting complete training pipeline from CoNLL data
2025-06-24 15:33:08,010 - INFO - Loading CoNLL data from: C:\Kifiya\Week4\amharic-ecommerce-extractor\data\processed\amharic_ecommerce_conll_20250622_205939.txt
2025-06-24 15:33:08,013 - INFO - Loaded 50 sentences from CoNLL data
2025-06-24 15:33:08,013 - INFO - Created label mappings for 3 labels: ['B-LOCATION', 'B-PRODUCT', 'O']
2025-06-24 15:33:08,014 - INFO - Initializing model: xlm-roberta-base
2025-06-24 15:33:29,222 - WARNING - Xet Storage is enabled for this repo, but the 'hf_xet' package is not installed. Falling back to regular HTTP download. For better performance, install the package with: `pip install huggingface_hub[hf_xet]` or `pip install hf_xet`
2025-06-24 15:46:32,420 - WARNING - Error while downloading from https://huggingface.co/xlm-roberta-base/resolve/main/model.safetensors: HTTPSConnectionPool(host='cas-bridge.xethub.hf.co', port=443): Read timed out.
Trying to resume download...
2025-06-24 15:53:42,170 - WARNING - Error while downloading from https://huggingface.co/xlm-roberta-base/resolve/main/model.safetensors: HTTPSConnectionPool(host='cas-bridge.xethub.hf.co', port=443): Read timed out.
Trying to resume download...
2025-06-24 15:53:55,226 - ERROR - Error initializing model: (MaxRetryError('HTTPSConnectionPool(host=\'huggingface.co\', port=443): Max retries exceeded with url: /xlm-roberta-base/resolve/main/model.safetensors (Caused by NameResolutionError("<urllib3.connection.HTTPSConnection object at 0x000002494CF4AFC0>: Failed to resolve \'huggingface.co\' ([Errno 11001] getaddrinfo failed)"))'), '(Request ID: bb4a282e-5068-46fb-85d2-eb1151732e96)')
2025-06-24 15:53:55,227 - ERROR - Error during NER training: (MaxRetryError('HTTPSConnectionPool(host=\'huggingface.co\', port=443): Max retries exceeded with url: /xlm-roberta-base/resolve/main/model.safetensors (Caused by NameResolutionError("<urllib3.connection.HTTPSConnection object at 0x000002494CF4AFC0>: Failed to resolve \'huggingface.co\' ([Errno 11001] getaddrinfo failed)"))'), '(Request ID: bb4a282e-5068-46fb-85d2-eb1151732e96)')
2025-06-24 15:56:12,148 - INFO - Initialized AmharicNERModel with config: NERModelConfig(model_name='xlm-roberta-base', max_length=64, learning_rate=2e-05, num_epochs=1, batch_size=8, weight_decay=0.01, warmup_steps=100, evaluation_strategy='epoch', save_strategy='epoch', load_best_model_at_end=True, metric_for_best_model='eval_f1', output_dir='C:\\Kifiya\\Week4\\amharic-ecommerce-extractor\\models\\amharic_ner_xlm-roberta-base_205939', logging_dir='C:\\Kifiya\\Week4\\amharic-ecommerce-extractor\\logs')
2025-06-24 15:56:12,149 - INFO - Starting complete training pipeline from CoNLL data
2025-06-24 15:56:12,150 - INFO - Loading CoNLL data from: C:\Kifiya\Week4\amharic-ecommerce-extractor\data\processed\amharic_ecommerce_conll_20250622_205939.txt
2025-06-24 15:56:12,151 - INFO - Loaded 50 sentences from CoNLL data
2025-06-24 15:56:12,151 - INFO - Created label mappings for 3 labels: ['B-LOCATION', 'B-PRODUCT', 'O']
2025-06-24 15:56:12,151 - INFO - Initializing model: xlm-roberta-base
2025-06-24 15:56:14,967 - WARNING - Xet Storage is enabled for this repo, but the 'hf_xet' package is not installed. Falling back to regular HTTP download. For better performance, install the package with: `pip install huggingface_hub[hf_xet]` or `pip install hf_xet`
2025-06-24 16:01:39,019 - INFO - Model and tokenizer initialized successfully
2025-06-24 16:01:39,019 - INFO - Tokenizing and aligning labels...
2025-06-24 16:01:39,047 - INFO - Created dataset with 50 examples
2025-06-24 16:01:39,054 - INFO - Split dataset: 40 train, 10 eval
2025-06-24 16:01:39,056 - ERROR - Error during NER training: TrainingArguments.__init__() got an unexpected keyword argument 'evaluation_strategy'
2025-06-24 16:01:58,346 - INFO - Initialized AmharicNERModel with config: NERModelConfig(model_name='xlm-roberta-base', max_length=64, learning_rate=2e-05, num_epochs=1, batch_size=8, weight_decay=0.01, warmup_steps=100, evaluation_strategy='epoch', save_strategy='epoch', load_best_model_at_end=True, metric_for_best_model='eval_f1', output_dir='C:\\Kifiya\\Week4\\amharic-ecommerce-extractor\\models\\amharic_ner_xlm-roberta-base_205939', logging_dir='C:\\Kifiya\\Week4\\amharic-ecommerce-extractor\\logs')
2025-06-24 16:01:58,347 - INFO - Starting complete training pipeline from CoNLL data
2025-06-24 16:01:58,347 - INFO - Loading CoNLL data from: C:\Kifiya\Week4\amharic-ecommerce-extractor\data\processed\amharic_ecommerce_conll_20250622_205939.txt
2025-06-24 16:01:58,349 - INFO - Loaded 50 sentences from CoNLL data
2025-06-24 16:01:58,349 - INFO - Created label mappings for 3 labels: ['B-LOCATION', 'B-PRODUCT', 'O']
2025-06-24 16:01:58,349 - INFO - Initializing model: xlm-roberta-base
2025-06-24 16:02:01,005 - INFO - Model and tokenizer initialized successfully
2025-06-24 16:02:01,005 - INFO - Tokenizing and aligning labels...
2025-06-24 16:02:01,029 - INFO - Created dataset with 50 examples
2025-06-24 16:02:01,034 - INFO - Split dataset: 40 train, 10 eval
2025-06-24 16:02:01,035 - ERROR - Error during NER training: TrainingArguments.__init__() got an unexpected keyword argument 'evaluation_strategy'
2025-06-24 16:02:33,785 - INFO - Initialized AmharicNERModel with config: NERModelConfig(model_name='xlm-roberta-base', max_length=64, learning_rate=2e-05, num_epochs=1, batch_size=8, weight_decay=0.01, warmup_steps=100, evaluation_strategy='epoch', save_strategy='epoch', load_best_model_at_end=True, metric_for_best_model='eval_f1', output_dir='C:\\Kifiya\\Week4\\amharic-ecommerce-extractor\\models\\amharic_ner_xlm-roberta-base_205939', logging_dir='C:\\Kifiya\\Week4\\amharic-ecommerce-extractor\\logs')
2025-06-24 16:02:33,787 - INFO - Starting complete training pipeline from CoNLL data
2025-06-24 16:02:33,788 - INFO - Loading CoNLL data from: C:\Kifiya\Week4\amharic-ecommerce-extractor\data\processed\amharic_ecommerce_conll_20250622_205939.txt
2025-06-24 16:02:33,791 - INFO - Loaded 50 sentences from CoNLL data
2025-06-24 16:02:33,793 - INFO - Created label mappings for 3 labels: ['B-LOCATION', 'B-PRODUCT', 'O']
2025-06-24 16:02:33,794 - INFO - Initializing model: xlm-roberta-base
2025-06-24 16:02:37,054 - INFO - Model and tokenizer initialized successfully
2025-06-24 16:02:37,054 - INFO - Tokenizing and aligning labels...
2025-06-24 16:02:37,087 - INFO - Created dataset with 50 examples
2025-06-24 16:02:37,097 - INFO - Split dataset: 40 train, 10 eval
2025-06-24 16:02:37,100 - ERROR - Error during NER training: TrainingArguments.__init__() got an unexpected keyword argument 'evaluation_strategy'
2025-06-24 16:03:29,272 - INFO - Initialized AmharicNERModel with config: NERModelConfig(model_name='xlm-roberta-base', max_length=64, learning_rate=2e-05, num_epochs=1, batch_size=8, weight_decay=0.01, warmup_steps=100, evaluation_strategy='epoch', save_strategy='epoch', load_best_model_at_end=True, metric_for_best_model='eval_f1', output_dir='C:\\Kifiya\\Week4\\amharic-ecommerce-extractor\\models\\amharic_ner_xlm-roberta-base_205939', logging_dir='C:\\Kifiya\\Week4\\amharic-ecommerce-extractor\\logs')
2025-06-24 16:03:29,274 - INFO - Starting complete training pipeline from CoNLL data
2025-06-24 16:03:29,275 - INFO - Loading CoNLL data from: C:\Kifiya\Week4\amharic-ecommerce-extractor\data\processed\amharic_ecommerce_conll_20250622_205939.txt
2025-06-24 16:03:29,278 - INFO - Loaded 50 sentences from CoNLL data
2025-06-24 16:03:29,279 - INFO - Created label mappings for 3 labels: ['B-LOCATION', 'B-PRODUCT', 'O']
2025-06-24 16:03:29,279 - INFO - Initializing model: xlm-roberta-base
2025-06-24 16:03:32,490 - INFO - Model and tokenizer initialized successfully
2025-06-24 16:03:32,491 - INFO - Tokenizing and aligning labels...
2025-06-24 16:03:32,515 - INFO - Created dataset with 50 examples
2025-06-24 16:03:32,520 - INFO - Split dataset: 40 train, 10 eval
2025-06-24 16:03:32,521 - ERROR - Error during NER training: TrainingArguments.__init__() got an unexpected keyword argument 'evaluation_strategy'
2025-06-24 16:04:06,516 - INFO - Initialized AmharicNERModel with config: NERModelConfig(model_name='xlm-roberta-base', max_length=128, learning_rate=2e-05, num_epochs=3, batch_size=16, weight_decay=0.01, warmup_steps=100, evaluation_strategy='epoch', save_strategy='epoch', load_best_model_at_end=True, metric_for_best_model='eval_f1', output_dir='C:\\Kifiya\\Week4\\amharic-ecommerce-extractor\\models', logging_dir='C:\\Kifiya\\Week4\\amharic-ecommerce-extractor\\logs')
2025-06-24 16:04:06,518 - INFO - Loading CoNLL data from: C:\Kifiya\Week4\amharic-ecommerce-extractor\data\processed\amharic_ecommerce_conll_20250622_205515.txt
2025-06-24 16:04:06,520 - INFO - Loaded 50 sentences from CoNLL data
2025-06-24 16:04:06,521 - INFO - Created label mappings for 3 labels: ['B-LOCATION', 'B-PRODUCT', 'O']
2025-06-24 16:04:06,523 - INFO - Initialized AmharicNERModel with config: NERModelConfig(model_name='xlm-roberta-base', max_length=128, learning_rate=2e-05, num_epochs=3, batch_size=16, weight_decay=0.01, warmup_steps=100, evaluation_strategy='epoch', save_strategy='epoch', load_best_model_at_end=True, metric_for_best_model='eval_f1', output_dir='C:\\Kifiya\\Week4\\amharic-ecommerce-extractor\\models', logging_dir='C:\\Kifiya\\Week4\\amharic-ecommerce-extractor\\logs')
2025-06-24 16:04:06,528 - INFO - Initialized AmharicNERModel with config: NERModelConfig(model_name='test-model', max_length=128, learning_rate=2e-05, num_epochs=3, batch_size=16, weight_decay=0.01, warmup_steps=100, evaluation_strategy='epoch', save_strategy='epoch', load_best_model_at_end=True, metric_for_best_model='eval_f1', output_dir='C:\\Kifiya\\Week4\\amharic-ecommerce-extractor\\models', logging_dir='C:\\Kifiya\\Week4\\amharic-ecommerce-extractor\\logs')
2025-06-24 16:07:14,155 - INFO - Initialized AmharicNERModel with config: NERModelConfig(model_name='xlm-roberta-base', max_length=64, learning_rate=2e-05, num_epochs=1, batch_size=8, weight_decay=0.01, warmup_steps=100, eval_strategy='epoch', save_strategy='epoch', load_best_model_at_end=True, metric_for_best_model='eval_f1', output_dir='C:\\Kifiya\\Week4\\amharic-ecommerce-extractor\\models\\amharic_ner_xlm-roberta-base_205939', logging_dir='C:\\Kifiya\\Week4\\amharic-ecommerce-extractor\\logs')
2025-06-24 16:07:14,156 - INFO - Starting complete training pipeline from CoNLL data
2025-06-24 16:07:14,156 - INFO - Loading CoNLL data from: C:\Kifiya\Week4\amharic-ecommerce-extractor\data\processed\amharic_ecommerce_conll_20250622_205939.txt
2025-06-24 16:07:14,158 - INFO - Loaded 50 sentences from CoNLL data
2025-06-24 16:07:14,159 - INFO - Created label mappings for 3 labels: ['B-LOCATION', 'B-PRODUCT', 'O']
2025-06-24 16:07:14,160 - INFO - Initializing model: xlm-roberta-base
2025-06-24 16:07:16,682 - INFO - Model and tokenizer initialized successfully
2025-06-24 16:07:16,682 - INFO - Tokenizing and aligning labels...
2025-06-24 16:07:16,706 - INFO - Created dataset with 50 examples
2025-06-24 16:07:16,712 - INFO - Split dataset: 40 train, 10 eval
2025-06-24 16:07:16,740 - INFO - Trainer setup completed
2025-06-24 16:07:16,740 - INFO - Starting model training...
2025-06-24 16:07:47,390 - INFO - Training completed. Final loss: 1.6130512237548829
2025-06-24 16:07:49,102 - INFO - Model saved to: C:\Kifiya\Week4\amharic-ecommerce-extractor\models\amharic_ner_xlm-roberta-base_205939
2025-06-24 16:07:49,103 - INFO - Evaluating model...
2025-06-24 16:07:50,176 - INFO - Evaluation Results:
2025-06-24 16:07:50,177 - INFO -   eval_loss: 1.6599
2025-06-24 16:07:50,177 - INFO -   eval_precision: 0.0231
2025-06-24 16:07:50,178 - INFO -   eval_recall: 0.7500
2025-06-24 16:07:50,179 - INFO -   eval_f1: 0.0448
2025-06-24 16:07:50,179 - INFO -   eval_runtime: 1.0696
2025-06-24 16:07:50,179 - INFO -   eval_samples_per_second: 9.3500
2025-06-24 16:07:50,179 - INFO -   eval_steps_per_second: 1.8700
2025-06-24 16:07:50,180 - INFO -   epoch: 1.0000
2025-06-24 16:07:50,182 - INFO - Training pipeline completed successfully
2025-06-24 16:07:50,187 - INFO - Making predictions on 4 texts
2025-06-24 16:07:50,508 - INFO - NER model fine-tuning completed successfully
2025-06-24 16:09:35,716 - INFO - Initialized AmharicNERModel with config: NERModelConfig(model_name='xlm-roberta-base', max_length=128, learning_rate=2e-05, num_epochs=3, batch_size=16, weight_decay=0.01, warmup_steps=100, eval_strategy='epoch', save_strategy='epoch', load_best_model_at_end=True, metric_for_best_model='eval_f1', output_dir='C:\\Kifiya\\Week4\\amharic-ecommerce-extractor\\models\\amharic_ner_xlm-roberta-base_205939', logging_dir='C:\\Kifiya\\Week4\\amharic-ecommerce-extractor\\logs')
2025-06-24 16:09:35,717 - INFO - Starting complete training pipeline from CoNLL data
2025-06-24 16:09:35,717 - INFO - Loading CoNLL data from: C:\Kifiya\Week4\amharic-ecommerce-extractor\data\processed\amharic_ecommerce_conll_20250622_205939.txt
2025-06-24 16:09:35,718 - INFO - Loaded 50 sentences from CoNLL data
2025-06-24 16:09:35,718 - INFO - Created label mappings for 3 labels: ['B-LOCATION', 'B-PRODUCT', 'O']
2025-06-24 16:09:35,718 - INFO - Initializing model: xlm-roberta-base
2025-06-24 16:09:38,186 - INFO - Model and tokenizer initialized successfully
2025-06-24 16:09:38,186 - INFO - Tokenizing and aligning labels...
2025-06-24 16:09:38,207 - INFO - Created dataset with 50 examples
2025-06-24 16:09:38,213 - INFO - Split dataset: 40 train, 10 eval
2025-06-24 16:09:38,244 - INFO - Trainer setup completed
2025-06-24 16:09:38,245 - INFO - Starting model training...
2025-06-24 16:14:29,128 - INFO - Training completed. Final loss: 0.7252001232571073
2025-06-24 16:14:41,559 - INFO - Model saved to: C:\Kifiya\Week4\amharic-ecommerce-extractor\models\amharic_ner_xlm-roberta-base_205939
2025-06-24 16:14:41,560 - INFO - Evaluating model...
2025-06-24 16:14:42,255 - INFO - Evaluation Results:
2025-06-24 16:14:42,255 - INFO -   eval_loss: 0.7040
2025-06-24 16:14:42,256 - INFO -   eval_precision: 0.0000
2025-06-24 16:14:42,256 - INFO -   eval_recall: 0.0000
2025-06-24 16:14:42,256 - INFO -   eval_f1: 0.0000
2025-06-24 16:14:42,256 - INFO -   eval_runtime: 0.6925
2025-06-24 16:14:42,257 - INFO -   eval_samples_per_second: 14.4410
2025-06-24 16:14:42,257 - INFO -   eval_steps_per_second: 1.4440
2025-06-24 16:14:42,257 - INFO -   epoch: 3.0000
2025-06-24 16:14:42,258 - INFO - Training pipeline completed successfully
2025-06-24 16:14:42,260 - INFO - Making predictions on 4 texts
2025-06-24 16:14:42,450 - INFO - NER model fine-tuning completed successfully
2025-06-24 16:34:14,817 - INFO - Initialized AmharicNERModel with config: NERModelConfig(model_name='distilbert-base-multilingual-cased', max_length=128, learning_rate=2e-05, num_epochs=1, batch_size=8, weight_decay=0.01, warmup_steps=100, eval_strategy='epoch', save_strategy='epoch', load_best_model_at_end=True, metric_for_best_model='eval_f1', output_dir='C:\\Kifiya\\Week4\\amharic-ecommerce-extractor\\models\\comparison_distilbert-base-multilingual-cased_20250624_163414', logging_dir='C:\\Kifiya\\Week4\\amharic-ecommerce-extractor\\logs')
2025-06-24 16:34:14,818 - INFO - Starting complete training pipeline from CoNLL data
2025-06-24 16:34:14,818 - INFO - Loading CoNLL data from: C:\Kifiya\Week4\amharic-ecommerce-extractor\data\processed\amharic_ecommerce_conll_20250624_162124.txt
2025-06-24 16:34:14,819 - INFO - Loaded 50 sentences from CoNLL data
2025-06-24 16:34:14,819 - INFO - Created label mappings for 3 labels: ['B-LOCATION', 'B-PRODUCT', 'O']
2025-06-24 16:34:14,820 - INFO - Initializing model: distilbert-base-multilingual-cased
2025-06-24 16:34:22,502 - WARNING - Xet Storage is enabled for this repo, but the 'hf_xet' package is not installed. Falling back to regular HTTP download. For better performance, install the package with: `pip install huggingface_hub[hf_xet]` or `pip install hf_xet`
2025-06-24 16:46:09,114 - ERROR - Error initializing model: [Errno 28] No space left on device
2025-06-24 16:46:09,115 - ERROR - Error training model distilbert-base-multilingual-cased: [Errno 28] No space left on device
2025-06-24 16:46:09,137 - INFO - Model distilbert-base-multilingual-cased - Overall Score: 0.1865
2025-06-24 16:46:09,137 - INFO - 
============================================================
2025-06-24 16:46:09,138 - INFO - Evaluating Model: bert-base-multilingual-cased
2025-06-24 16:46:09,138 - INFO - ============================================================
2025-06-24 16:46:09,138 - INFO - Training and evaluating model: bert-base-multilingual-cased
2025-06-24 16:46:09,140 - INFO - Initialized AmharicNERModel with config: NERModelConfig(model_name='bert-base-multilingual-cased', max_length=128, learning_rate=2e-05, num_epochs=1, batch_size=8, weight_decay=0.01, warmup_steps=100, eval_strategy='epoch', save_strategy='epoch', load_best_model_at_end=True, metric_for_best_model='eval_f1', output_dir='C:\\Kifiya\\Week4\\amharic-ecommerce-extractor\\models\\comparison_bert-base-multilingual-cased_20250624_164609', logging_dir='C:\\Kifiya\\Week4\\amharic-ecommerce-extractor\\logs')
2025-06-24 16:46:09,141 - INFO - Starting complete training pipeline from CoNLL data
2025-06-24 16:46:09,142 - INFO - Loading CoNLL data from: C:\Kifiya\Week4\amharic-ecommerce-extractor\data\processed\amharic_ecommerce_conll_20250624_162124.txt
2025-06-24 16:46:09,143 - INFO - Loaded 50 sentences from CoNLL data
2025-06-24 16:46:09,143 - INFO - Created label mappings for 3 labels: ['B-LOCATION', 'B-PRODUCT', 'O']
2025-06-24 16:46:09,144 - INFO - Initializing model: bert-base-multilingual-cased
2025-06-24 16:46:26,298 - WARNING - Xet Storage is enabled for this repo, but the 'hf_xet' package is not installed. Falling back to regular HTTP download. For better performance, install the package with: `pip install huggingface_hub[hf_xet]` or `pip install hf_xet`
2025-06-24 16:46:40,296 - ERROR - Error initializing model: [Errno 28] No space left on device
2025-06-24 16:46:40,297 - ERROR - Error training model bert-base-multilingual-cased: [Errno 28] No space left on device
2025-06-24 16:46:40,327 - INFO - Model bert-base-multilingual-cased - Overall Score: 0.1830
2025-06-24 16:46:40,327 - INFO - 
Best performing model: distilbert-base-multilingual-cased
2025-06-24 16:46:40,374 - INFO - Results saved to: C:\Kifiya\Week4\amharic-ecommerce-extractor\models\comparison_results
2025-06-24 16:46:40,375 - INFO -   • Detailed results: model_comparison_results_20250624_164640.json
2025-06-24 16:46:40,375 - INFO -   • Comparison report: model_comparison_report_20250624_164640.md
2025-06-24 16:46:40,375 - INFO -   • CSV data: model_comparison_data_20250624_164640.csv
2025-06-24 16:52:07,908 - INFO - Initialized AmharicNERModel with config: NERModelConfig(model_name='distilbert-base-multilingual-cased', max_length=128, learning_rate=2e-05, num_epochs=1, batch_size=8, weight_decay=0.01, warmup_steps=100, eval_strategy='epoch', save_strategy='epoch', load_best_model_at_end=True, metric_for_best_model='eval_f1', output_dir='C:\\Kifiya\\Week4\\amharic-ecommerce-extractor\\models\\comparison_distilbert-base-multilingual-cased_20250624_165207', logging_dir='C:\\Kifiya\\Week4\\amharic-ecommerce-extractor\\logs')
2025-06-24 16:52:07,910 - INFO - Starting complete training pipeline from CoNLL data
2025-06-24 16:52:07,910 - INFO - Loading CoNLL data from: C:\Kifiya\Week4\amharic-ecommerce-extractor\data\processed\amharic_ecommerce_conll_20250624_162124.txt
2025-06-24 16:52:07,911 - INFO - Loaded 50 sentences from CoNLL data
2025-06-24 16:52:07,912 - INFO - Created label mappings for 3 labels: ['B-LOCATION', 'B-PRODUCT', 'O']
2025-06-24 16:52:07,912 - INFO - Initializing model: distilbert-base-multilingual-cased
2025-06-24 16:52:10,190 - WARNING - Xet Storage is enabled for this repo, but the 'hf_xet' package is not installed. Falling back to regular HTTP download. For better performance, install the package with: `pip install huggingface_hub[hf_xet]` or `pip install hf_xet`
